2019-11-22 19:45:46,324  INFO [main] LogReport:38 - login funcationality starts
2019-11-22 19:48:33,488  INFO [main] LogReport:38 - login funcationality starts
2019-11-25 10:46:27,577  INFO [main] LogReport:38 - login funcationality starts
2019-11-25 10:49:36,941  INFO [main] LogReport:38 - login funcationality starts
2019-11-25 10:53:16,674  INFO [main] LogReport:38 - login funcationality starts
2019-11-25 10:55:20,191  INFO [main] LogReport:38 - login funcationality starts
2019-11-25 10:55:21,255  INFO [main] LogReport:38 - login fincationality ends
2019-11-25 11:01:24,694  INFO [main] LogReport:38 - login funcationality starts
2019-11-25 11:01:28,169  INFO [main] LogReport:38 - login fincationality ends
2019-11-25 11:02:34,333  INFO [main] LogReport:38 - login funcationality starts
2019-11-25 11:02:37,489  INFO [main] LogReport:38 - login fincationality ends
2019-11-25 11:11:39,007  INFO [main] LogReport:38 - login funcationality starts
2019-11-25 11:11:40,424  INFO [main] LogReport:38 - login fincationality ends
2019-11-25 11:14:25,130  INFO [main] LogReport:38 - login funcationality starts
2019-11-25 11:14:26,679  INFO [main] LogReport:38 - login fincationality ends
2019-11-25 11:16:13,514  INFO [main] LogReport:38 - login funcationality starts
2019-11-25 11:16:15,021  INFO [main] LogReport:38 - login fincationality ends
2019-11-25 12:02:20,353  INFO [main] LogReport:38 - login funcationality starts
2019-11-25 12:02:22,188  INFO [main] LogReport:38 - login fincationality ends
2019-11-25 12:05:21,039  INFO [main] LogReport:38 - login funcationality starts
2019-11-25 12:05:22,590  INFO [main] LogReport:38 - login fincationality ends
2019-11-25 12:05:22,590  INFO [main] LogReport:38 - Hi Demo User Text validation starts
2019-11-25 12:13:21,241  INFO [main] LogReport:38 - login funcationality starts
2019-11-25 12:13:22,718  INFO [main] LogReport:38 - login fincationality ends
2019-11-25 12:13:22,719  INFO [main] LogReport:38 - Hi Demo User Text validation starts
2019-11-25 12:17:49,282  INFO [main] LogReport:38 - login funcationality starts
2019-11-25 12:17:50,808  INFO [main] LogReport:38 - login fincationality ends
2019-11-25 12:17:50,809  INFO [main] LogReport:38 - Hi Demo User Text validation starts
2019-11-25 12:21:44,121  INFO [main] LogReport:38 - login funcationality starts
2019-11-25 12:21:46,291  INFO [main] LogReport:38 - login fincationality ends
2019-11-25 12:21:46,292  INFO [main] LogReport:38 - Hi Demo User Text validation starts
2019-11-25 12:22:55,309  INFO [main] LogReport:38 - login funcationality starts
2019-11-25 12:22:57,097  INFO [main] LogReport:38 - login fincationality ends
2019-11-25 12:22:57,098  INFO [main] LogReport:38 - Hi Demo User Text validation starts
2019-11-25 12:40:37,558  INFO [main] LogReport:38 - login funcationality starts
2019-11-25 12:40:39,140  INFO [main] LogReport:38 - login fincationality ends
2019-11-25 12:40:39,141  INFO [main] LogReport:38 - Hi Demo User Text validation starts
2019-11-25 12:40:42,245  INFO [main] LogReport:38 - Booking Tab Text Validation 
2019-11-25 12:51:51,371  INFO [main] LogReport:38 - login funcationality starts
2019-11-25 12:51:53,386  INFO [main] LogReport:38 - login fincationality ends
2019-11-25 12:51:53,386  INFO [main] LogReport:38 - Hi Demo User Text validation starts
2019-11-25 12:51:56,490  INFO [main] LogReport:38 - Booking Tab Text Validation 
2019-11-25 12:55:02,555  INFO [main] LogReport:38 - login funcationality starts
2019-11-25 12:55:04,060  INFO [main] LogReport:38 - login fincationality ends
2019-11-25 12:55:04,060  INFO [main] LogReport:38 - Hi Demo User Text validation starts
2019-11-25 12:55:07,166  INFO [main] LogReport:38 - Booking Tab Text Validation 
2019-11-25 12:57:12,797  INFO [main] LogReport:38 - login funcationality starts
2019-11-25 12:57:14,648  INFO [main] LogReport:38 - login fincationality ends
2019-11-25 12:57:14,648  INFO [main] LogReport:38 - Hi Demo User Text validation starts
2019-11-25 12:57:18,542  INFO [main] LogReport:38 - Booking Tab Text Validation 
2019-11-25 13:03:24,912  INFO [main] LogReport:38 - login funcationality starts
2019-11-25 13:03:26,544  INFO [main] LogReport:38 - login fincationality ends
2019-11-25 13:03:26,545  INFO [main] LogReport:38 - Hi Demo User Text validation starts
2019-11-25 13:03:29,685  INFO [main] LogReport:38 - Booking Tab Text Validation 
2019-11-25 13:08:04,092  INFO [main] LogReport:38 - login funcationality starts
2019-11-25 13:08:05,940  INFO [main] LogReport:38 - login fincationality ends
2019-11-25 13:08:05,940  INFO [main] LogReport:38 - Hi Demo User Text validation starts
2019-11-25 13:08:09,062  INFO [main] LogReport:38 - Booking Tab Text Validation 
2019-11-25 13:18:01,779  INFO [main] LogReport:38 - login funcationality starts
2019-11-25 13:18:03,339  INFO [main] LogReport:38 - login fincationality ends
2019-11-25 13:18:03,339  INFO [main] LogReport:38 - Hi Demo User Text validation starts
2019-11-25 13:18:06,441  INFO [main] LogReport:38 - Booking Tab Text Validation 
2019-11-25 13:20:23,054  INFO [main] LogReport:38 - login funcationality starts
2019-11-25 13:20:24,577  INFO [main] LogReport:38 - login fincationality ends
2019-11-25 13:20:24,577  INFO [main] LogReport:38 - Hi Demo User Text validation starts
2019-11-25 13:20:27,694  INFO [main] LogReport:38 - Booking Tab Text Validation 
2019-11-26 10:44:58,286  INFO [main] LogReport:38 - login funcationality starts
2019-11-26 10:45:02,106  INFO [main] LogReport:38 - login fincationality ends
2019-11-26 10:45:02,107  INFO [main] LogReport:38 - Hi Demo User Text validation starts
2019-11-26 10:51:50,913  INFO [main] LogReport:38 - login funcationality starts
2019-11-26 10:51:52,350  INFO [main] LogReport:38 - login fincationality ends
2019-11-26 10:51:52,351  INFO [main] LogReport:38 - Hi Demo User Text validation starts
2019-11-26 10:51:56,091  INFO [main] LogReport:38 - Booking Tab Text Validation 
2019-11-26 10:54:25,289  INFO [main] LogReport:38 - login funcationality starts
2019-11-26 10:54:26,935  INFO [main] LogReport:38 - login fincationality ends
2019-11-26 10:54:26,936  INFO [main] LogReport:38 - Hi Demo User Text validation starts
2019-11-26 10:54:30,072  INFO [main] LogReport:38 - Booking Tab Text Validation 
2019-11-26 11:04:00,894  INFO [main] LogReport:38 - login funcationality starts
2019-11-26 11:04:03,020  INFO [main] LogReport:38 - login fincationality ends
2019-11-26 11:04:03,020  INFO [main] LogReport:38 - Hi Demo User Text validation starts
2019-11-26 11:04:06,116  INFO [main] LogReport:38 - Booking Tab Text Validation 
2019-11-26 11:05:04,597  INFO [main] LogReport:38 - login funcationality starts
2019-11-26 11:05:06,366  INFO [main] LogReport:38 - login fincationality ends
2019-11-26 11:05:06,367  INFO [main] LogReport:38 - Hi Demo User Text validation starts
2019-11-26 11:05:10,273  INFO [main] LogReport:38 - Booking Tab Text Validation 
2019-11-26 11:14:24,189  INFO [main] LogReport:38 - login funcationality starts
2019-11-26 11:14:25,777  INFO [main] LogReport:38 - login fincationality ends
2019-11-26 11:14:25,778  INFO [main] LogReport:38 - Hi Demo User Text validation starts
2019-11-26 11:14:28,904  INFO [main] LogReport:38 - Booking Tab Text Validation 
2019-11-26 11:14:29,009  INFO [main] LogReport:38 - Time and date validation starts
2019-11-26 11:19:08,134  INFO [main] LogReport:38 - login funcationality starts
2019-11-26 11:19:09,652  INFO [main] LogReport:38 - login fincationality ends
2019-11-26 11:19:09,652  INFO [main] LogReport:38 - Hi Demo User Text validation starts
2019-11-26 11:19:12,756  INFO [main] LogReport:38 - Booking Tab Text Validation 
2019-11-26 11:19:12,858  INFO [main] LogReport:38 - Time and date validation starts
2019-11-26 11:31:20,917  INFO [main] LogReport:38 - login funcationality starts
2019-11-26 11:31:22,748  INFO [main] LogReport:38 - login fincationality ends
2019-11-26 11:31:22,748  INFO [main] LogReport:38 - Hi Demo User Text validation starts
2019-11-26 11:31:26,818  INFO [main] LogReport:38 - Booking Tab Text Validation 
2019-11-26 11:31:26,941  INFO [main] LogReport:38 - Time and date validation starts
2019-11-26 11:32:46,258  INFO [main] LogReport:38 - login funcationality starts
2019-11-26 11:32:47,959  INFO [main] LogReport:38 - login fincationality ends
2019-11-26 11:32:47,959  INFO [main] LogReport:38 - Hi Demo User Text validation starts
2019-11-26 11:32:51,072  INFO [main] LogReport:38 - Booking Tab Text Validation 
2019-11-26 11:32:51,190  INFO [main] LogReport:38 - Time and date validation starts
2019-11-26 11:35:39,600  INFO [main] LogReport:38 - login funcationality starts
2019-11-26 11:35:41,265  INFO [main] LogReport:38 - login fincationality ends
2019-11-26 11:35:41,265  INFO [main] LogReport:38 - Hi Demo User Text validation starts
2019-11-26 11:35:44,394  INFO [main] LogReport:38 - Booking Tab Text Validation 
2019-11-26 11:35:44,504  INFO [main] LogReport:38 - Time and date validation starts
2019-11-26 11:37:16,509  INFO [main] LogReport:38 - login funcationality starts
2019-11-26 11:37:18,259  INFO [main] LogReport:38 - login fincationality ends
2019-11-26 11:37:18,259  INFO [main] LogReport:38 - Hi Demo User Text validation starts
2019-11-26 11:37:21,441  INFO [main] LogReport:38 - Booking Tab Text Validation 
2019-11-26 11:37:21,553  INFO [main] LogReport:38 - Time and date validation starts
2019-11-26 11:39:43,480  INFO [main] LogReport:38 - login funcationality starts
2019-11-26 11:39:47,233  INFO [main] LogReport:38 - login fincationality ends
2019-11-26 11:39:47,233  INFO [main] LogReport:38 - Hi Demo User Text validation starts
2019-11-26 11:39:50,342  INFO [main] LogReport:38 - Booking Tab Text Validation 
2019-11-26 11:39:50,448  INFO [main] LogReport:38 - Time and date validation starts
2019-11-26 11:43:54,858  INFO [main] LogReport:38 - login funcationality starts
2019-11-26 11:43:56,737  INFO [main] LogReport:38 - login fincationality ends
2019-11-26 11:43:56,738  INFO [main] LogReport:38 - Hi Demo User Text validation starts
2019-11-26 11:44:01,051  INFO [main] LogReport:38 - Booking Tab Text Validation 
2019-11-26 11:44:01,198  INFO [main] LogReport:38 - Time and date validation starts
2019-11-26 11:45:43,734  INFO [main] LogReport:38 - login funcationality starts
2019-11-26 11:45:45,377  INFO [main] LogReport:38 - login fincationality ends
2019-11-26 11:45:45,377  INFO [main] LogReport:38 - Hi Demo User Text validation starts
2019-11-26 11:45:48,482  INFO [main] LogReport:38 - Booking Tab Text Validation 
2019-11-26 11:45:48,584  INFO [main] LogReport:38 - Time and date validation starts
2019-11-26 12:14:30,468  INFO [main] LogReport:38 - login funcationality starts
2019-11-26 12:14:32,067  INFO [main] LogReport:38 - login fincationality ends
2019-11-26 12:14:32,068  INFO [main] LogReport:38 - Hi Demo User Text validation starts
2019-11-26 12:14:35,224  INFO [main] LogReport:38 - Booking Tab Text Validation 
2019-11-26 12:17:01,270  INFO [main] LogReport:38 - login funcationality starts
2019-11-26 12:17:03,247  INFO [main] LogReport:38 - login fincationality ends
2019-11-26 12:17:03,247  INFO [main] LogReport:38 - Hi Demo User Text validation starts
2019-11-26 12:17:06,930  INFO [main] LogReport:38 - Booking Tab Text Validation 
2019-11-26 12:17:07,047  INFO [main] LogReport:38 - Time and date validation starts
2019-11-26 12:17:07,114  INFO [main] LogReport:38 - Hours matched 
2019-11-26 12:17:07,114  INFO [main] LogReport:38 - Minutes matched
2019-11-26 12:18:06,748  INFO [main] LogReport:38 - login funcationality starts
2019-11-26 12:18:09,837  INFO [main] LogReport:38 - login fincationality ends
2019-11-26 12:18:09,838  INFO [main] LogReport:38 - Hi Demo User Text validation starts
2019-11-26 12:18:13,015  INFO [main] LogReport:38 - Booking Tab Text Validation 
2019-11-26 12:18:13,130  INFO [main] LogReport:38 - Time and date validation starts
2019-11-26 12:18:13,203  INFO [main] LogReport:38 - Hours matched 
2019-11-26 12:18:13,203  INFO [main] LogReport:38 - Minutes matched
2019-11-26 12:26:01,593  INFO [main] LogReport:38 - login funcationality starts
2019-11-26 12:26:03,623  INFO [main] LogReport:38 - login fincationality ends
2019-11-26 12:26:03,623  INFO [main] LogReport:38 - Hi Demo User Text validation starts
2019-11-26 12:26:07,589  INFO [main] LogReport:38 - Booking Tab Text Validation 
2019-11-26 12:26:07,708  INFO [main] LogReport:38 - Time and date validation starts
2019-11-26 12:26:07,777  INFO [main] LogReport:38 - Hours matched 
2019-11-26 12:26:07,777  INFO [main] LogReport:38 - Minutes matched
2019-11-26 12:28:25,099  INFO [main] LogReport:38 - login funcationality starts
2019-11-26 12:28:26,974  INFO [main] LogReport:38 - login fincationality ends
2019-11-26 12:28:26,974  INFO [main] LogReport:38 - Hi Demo User Text validation starts
2019-11-26 12:28:30,176  INFO [main] LogReport:38 - Booking Tab Text Validation 
2019-11-26 12:28:31,090  INFO [main] LogReport:38 - Time and date validation starts
2019-11-26 12:28:31,418  INFO [main] LogReport:38 - Hours matched 
2019-11-26 12:28:31,418  INFO [main] LogReport:38 - Minutes matched
2019-11-26 12:29:19,888  INFO [main] LogReport:38 - login funcationality starts
2019-11-26 12:29:24,474  INFO [main] LogReport:38 - login fincationality ends
2019-11-26 12:29:24,474  INFO [main] LogReport:38 - Hi Demo User Text validation starts
2019-11-26 12:29:31,868  INFO [main] LogReport:38 - Booking Tab Text Validation 
2019-11-26 12:29:32,019  INFO [main] LogReport:38 - Time and date validation starts
2019-11-26 12:29:32,103  INFO [main] LogReport:38 - Hours matched 
2019-11-26 12:29:32,103  INFO [main] LogReport:38 - Minutes matched
2019-11-26 12:30:54,560  INFO [main] LogReport:38 - login funcationality starts
2019-11-26 12:30:59,065  INFO [main] LogReport:38 - login fincationality ends
2019-11-26 12:30:59,066  INFO [main] LogReport:38 - Hi Demo User Text validation starts
2019-11-26 12:31:05,139  INFO [main] LogReport:38 - Booking Tab Text Validation 
2019-11-26 12:31:05,269  INFO [main] LogReport:38 - Time and date validation starts
2019-11-26 12:31:05,364  INFO [main] LogReport:38 - Hours matched 
2019-11-26 12:31:05,364  INFO [main] LogReport:38 - Minutes matched
2019-11-26 12:33:57,373  INFO [main] LogReport:38 - login funcationality starts
2019-11-26 12:34:03,584  INFO [main] LogReport:38 - login fincationality ends
2019-11-26 12:34:03,584  INFO [main] LogReport:38 - Hi Demo User Text validation starts
2019-11-26 12:34:10,977  INFO [main] LogReport:38 - Booking Tab Text Validation 
2019-11-26 12:34:11,307  INFO [main] LogReport:38 - Time and date validation starts
2019-11-26 12:34:11,457  INFO [main] LogReport:38 - Hours matched 
2019-11-26 12:34:11,458  INFO [main] LogReport:38 - Minutes matched
2019-11-26 13:51:51,959  INFO [main] LogReport:38 - login funcationality starts
2019-11-26 13:51:54,670  INFO [main] LogReport:38 - login fincationality ends
2019-11-26 13:51:54,671  INFO [main] LogReport:38 - Hi Demo User Text validation starts
2019-11-26 13:51:57,812  INFO [main] LogReport:38 - Booking Tab Text Validation 
2019-11-26 13:53:35,928  INFO [main] LogReport:38 - login funcationality starts
2019-11-26 13:53:37,559  INFO [main] LogReport:38 - login fincationality ends
2019-11-26 13:53:37,560  INFO [main] LogReport:38 - Hi Demo User Text validation starts
2019-11-26 13:53:41,047  INFO [main] LogReport:38 - Booking Tab Text Validation 
2019-11-26 13:56:29,975  INFO [main] LogReport:38 - login funcationality starts
2019-11-26 13:56:33,486  INFO [main] LogReport:38 - login fincationality ends
2019-11-26 13:56:33,487  INFO [main] LogReport:38 - Hi Demo User Text validation starts
2019-11-26 13:56:34,770  INFO [main] LogReport:38 - login funcationality starts
2019-11-26 13:56:37,788  INFO [main] LogReport:38 - login fincationality ends
2019-11-26 13:56:37,788  INFO [main] LogReport:38 - Hi Demo User Text validation starts
2019-11-26 13:57:07,647  INFO [main] LogReport:38 - login funcationality starts
2019-11-26 13:57:09,480  INFO [main] LogReport:38 - login fincationality ends
2019-11-26 13:57:09,480  INFO [main] LogReport:38 - Hi Demo User Text validation starts
2019-11-26 13:58:19,166  INFO [main] LogReport:38 - login funcationality starts
2019-11-26 13:58:21,094  INFO [main] LogReport:38 - login fincationality ends
2019-11-26 13:58:21,095  INFO [main] LogReport:38 - Hi Demo User Text validation starts
2019-11-26 13:59:31,207  INFO [main] LogReport:38 - login funcationality starts
2019-11-26 13:59:32,859  INFO [main] LogReport:38 - login fincationality ends
2019-11-26 13:59:32,860  INFO [main] LogReport:38 - Hi Demo User Text validation starts
2019-11-26 13:59:35,965  INFO [main] LogReport:38 - Booking Tab Text Validation 
2019-11-26 14:00:33,299  INFO [main] LogReport:38 - login funcationality starts
2019-11-26 14:00:34,803  INFO [main] LogReport:38 - login fincationality ends
2019-11-26 14:00:34,803  INFO [main] LogReport:38 - Hi Demo User Text validation starts
2019-11-26 14:00:37,907  INFO [main] LogReport:38 - Booking Tab Text Validation 
2019-11-26 14:00:38,013  INFO [main] LogReport:38 - Time and date validation starts
2019-11-26 14:00:38,082  INFO [main] LogReport:38 - Hours matched 
2019-11-26 14:00:38,082  INFO [main] LogReport:38 - Minutes matched
2019-11-26 15:10:25,570  INFO [main] LogReport:38 - login funcationality starts
2019-11-26 15:10:25,572  INFO [main] LogReport:38 - login funcationality starts
2019-11-26 15:10:31,353  INFO [main] LogReport:38 - login fincationality ends
2019-11-26 15:10:31,353  INFO [main] LogReport:38 - Hi Demo User Text validation starts
2019-11-26 15:10:31,452  INFO [main] LogReport:38 - login fincationality ends
2019-11-26 15:10:31,452  INFO [main] LogReport:38 - Hi Demo User Text validation starts
2019-11-26 15:10:38,524  INFO [main] LogReport:38 - Booking Tab Text Validation 
2019-11-26 15:10:38,552  INFO [main] LogReport:38 - Booking Tab Text Validation 
2019-11-26 15:10:38,681  INFO [main] LogReport:38 - Time and date validation starts
2019-11-26 15:10:38,773  INFO [main] LogReport:38 - Time and date validation starts
2019-11-26 15:10:38,859  INFO [main] LogReport:38 - Hours matched 
2019-11-26 15:10:38,860  INFO [main] LogReport:38 - Minutes matched
2019-11-26 15:10:38,886  INFO [main] LogReport:38 - Hours matched 
2019-11-26 15:10:38,887  INFO [main] LogReport:38 - Minutes matched
2019-11-26 15:10:39,026  INFO [main] LogReport:38 - validating booking id
2019-11-26 15:10:39,072  INFO [main] LogReport:38 - validating booking id
2019-11-26 15:13:00,277  INFO [main] LogReport:38 - login funcationality starts
2019-11-26 15:13:01,659  INFO [main] LogReport:38 - login fincationality ends
2019-11-26 15:13:01,659  INFO [main] LogReport:38 - Hi Demo User Text validation starts
2019-11-26 15:13:04,769  INFO [main] LogReport:38 - Booking Tab Text Validation 
2019-11-26 15:13:04,867  INFO [main] LogReport:38 - Time and date validation starts
2019-11-26 15:13:04,928  INFO [main] LogReport:38 - Hours matched 
2019-11-26 15:13:04,928  INFO [main] LogReport:38 - Minutes matched
2019-11-26 15:13:04,995  INFO [main] LogReport:38 - validating booking id
2019-11-26 15:16:05,029  INFO [main] LogReport:38 - login funcationality starts
2019-11-26 15:16:06,831  INFO [main] LogReport:38 - login fincationality ends
2019-11-26 15:16:06,832  INFO [main] LogReport:38 - Hi Demo User Text validation starts
2019-11-26 15:16:11,905  INFO [main] LogReport:38 - Booking Tab Text Validation 
2019-11-26 15:16:12,027  INFO [main] LogReport:38 - Time and date validation starts
2019-11-26 15:16:12,120  INFO [main] LogReport:38 - Hours matched 
2019-11-26 15:16:12,121  INFO [main] LogReport:38 - Minutes matched
2019-11-26 15:16:12,213  INFO [main] LogReport:38 - validating booking id
2019-11-26 15:18:50,634  INFO [main] LogReport:38 - login funcationality starts
2019-11-26 15:18:52,167  INFO [main] LogReport:38 - login fincationality ends
2019-11-26 15:18:52,167  INFO [main] LogReport:38 - Hi Demo User Text validation starts
2019-11-26 15:18:55,267  INFO [main] LogReport:38 - Booking Tab Text Validation 
2019-11-26 15:18:55,368  INFO [main] LogReport:38 - Time and date validation starts
2019-11-26 15:18:55,440  INFO [main] LogReport:38 - Hours matched 
2019-11-26 15:18:55,440  INFO [main] LogReport:38 - Minutes matched
2019-11-26 15:18:55,509  INFO [main] LogReport:38 - validating booking id
2019-11-26 15:20:08,293  INFO [main] LogReport:38 - login funcationality starts
2019-11-26 15:20:10,001  INFO [main] LogReport:38 - login fincationality ends
2019-11-26 15:20:10,001  INFO [main] LogReport:38 - Hi Demo User Text validation starts
2019-11-26 15:20:14,650  INFO [main] LogReport:38 - Booking Tab Text Validation 
2019-11-26 15:20:14,769  INFO [main] LogReport:38 - Time and date validation starts
2019-11-26 15:20:14,852  INFO [main] LogReport:38 - Hours matched 
2019-11-26 15:20:14,852  INFO [main] LogReport:38 - Minutes matched
2019-11-26 15:20:14,941  INFO [main] LogReport:38 - validating booking id
2019-11-26 15:21:11,784  INFO [main] LogReport:38 - login funcationality starts
2019-11-26 15:21:15,360  INFO [main] LogReport:38 - login fincationality ends
2019-11-26 15:21:15,360  INFO [main] LogReport:38 - Hi Demo User Text validation starts
2019-11-26 15:21:18,467  INFO [main] LogReport:38 - Booking Tab Text Validation 
2019-11-26 15:21:18,566  INFO [main] LogReport:38 - Time and date validation starts
2019-11-26 15:21:18,638  INFO [main] LogReport:38 - Hours matched 
2019-11-26 15:21:18,638  INFO [main] LogReport:38 - Minutes matched
2019-11-26 15:21:18,709  INFO [main] LogReport:38 - validating booking id
2019-11-26 15:26:18,467  INFO [main] LogReport:38 - login funcationality starts
2019-11-26 15:26:19,955  INFO [main] LogReport:38 - login fincationality ends
2019-11-26 15:26:19,956  INFO [main] LogReport:38 - Hi Demo User Text validation starts
2019-11-26 15:26:23,075  INFO [main] LogReport:38 - Booking Tab Text Validation 
2019-11-26 15:26:23,185  INFO [main] LogReport:38 - Time and date validation starts
2019-11-26 15:26:23,272  INFO [main] LogReport:38 - Hours matched 
2019-11-26 15:26:23,273  INFO [main] LogReport:38 - Minutes matched
2019-11-26 15:26:23,354  INFO [main] LogReport:38 - validating booking id
2019-11-26 15:27:45,496  INFO [main] LogReport:38 - login funcationality starts
2019-11-26 15:27:47,937  INFO [main] LogReport:38 - login fincationality ends
2019-11-26 15:27:47,937  INFO [main] LogReport:38 - Hi Demo User Text validation starts
2019-11-26 15:27:51,048  INFO [main] LogReport:38 - Booking Tab Text Validation 
2019-11-26 15:27:51,152  INFO [main] LogReport:38 - Time and date validation starts
2019-11-26 15:27:51,209  INFO [main] LogReport:38 - Hours matched 
2019-11-26 15:27:51,210  INFO [main] LogReport:38 - Minutes matched
2019-11-26 15:27:51,280  INFO [main] LogReport:38 - validating booking id
2019-11-26 15:29:33,379  INFO [main] LogReport:38 - login funcationality starts
2019-11-26 15:29:34,842  INFO [main] LogReport:38 - login fincationality ends
2019-11-26 15:29:34,842  INFO [main] LogReport:38 - Hi Demo User Text validation starts
2019-11-26 15:29:38,260  INFO [main] LogReport:38 - Booking Tab Text Validation 
2019-11-26 15:29:38,386  INFO [main] LogReport:38 - Time and date validation starts
2019-11-26 15:29:38,480  INFO [main] LogReport:38 - Hours matched 
2019-11-26 15:29:38,481  INFO [main] LogReport:38 - Minutes matched
2019-11-26 15:29:38,573  INFO [main] LogReport:38 - validating booking id
2019-11-26 17:08:28,415  INFO [main] LogReport:38 - login funcationality starts
2019-11-26 17:08:34,184  INFO [main] LogReport:38 - login fincationality ends
2019-11-26 17:08:34,185  INFO [main] LogReport:38 - Hi Demo User Text validation starts
2019-11-26 17:08:37,365  INFO [main] LogReport:38 - Booking Tab Text Validation 
2019-11-26 17:08:37,490  INFO [main] LogReport:38 - Time and date validation starts
2019-11-26 17:08:37,563  INFO [main] LogReport:38 - Hours matched 
2019-11-26 17:08:37,563  INFO [main] LogReport:38 - Minutes matched
2019-11-26 17:08:37,701  INFO [main] LogReport:38 - validating booking id
2019-11-26 17:10:29,407  INFO [main] LogReport:38 - login funcationality starts
2019-11-26 17:10:30,980  INFO [main] LogReport:38 - login fincationality ends
2019-11-26 17:10:30,980  INFO [main] LogReport:38 - Hi Demo User Text validation starts
2019-11-26 17:10:34,262  INFO [main] LogReport:38 - Booking Tab Text Validation 
2019-11-26 17:10:34,528  INFO [main] LogReport:38 - Time and date validation starts
2019-11-26 17:10:34,601  INFO [main] LogReport:38 - Hours matched 
2019-11-26 17:10:34,602  INFO [main] LogReport:38 - Minutes matched
2019-11-26 17:10:35,154  INFO [main] LogReport:38 - validating booking id
2019-11-26 17:18:13,161  INFO [main] LogReport:38 - login funcationality starts
2019-11-26 17:18:15,443  INFO [main] LogReport:38 - login fincationality ends
2019-11-26 17:18:15,444  INFO [main] LogReport:38 - Hi Demo User Text validation starts
2019-11-26 17:18:18,574  INFO [main] LogReport:38 - Booking Tab Text Validation 
2019-11-26 17:18:18,687  INFO [main] LogReport:38 - Time and date validation starts
2019-11-26 17:18:18,756  INFO [main] LogReport:38 - Hours matched 
2019-11-26 17:18:18,757  INFO [main] LogReport:38 - Minutes matched
2019-11-26 17:18:18,835  INFO [main] LogReport:38 - validating booking id
2019-11-26 17:18:23,318  INFO [main] LogReport:38 - assertion done
2019-11-26 19:19:20,706  INFO [main] LogReport:38 - login funcationality starts
2019-11-26 19:19:34,498  INFO [main] LogReport:38 - login fincationality ends
2019-11-26 19:19:34,498  INFO [main] LogReport:38 - Hi Demo User Text validation starts
2019-11-26 19:19:37,724  INFO [main] LogReport:38 - Booking Tab Text Validation 
2019-11-26 19:19:37,831  INFO [main] LogReport:38 - Time and date validation starts
2019-11-26 19:19:37,897  INFO [main] LogReport:38 - Hours matched 
2019-11-26 19:19:37,897  INFO [main] LogReport:38 - Minutes matched
2019-11-26 19:19:38,029  INFO [main] LogReport:38 - validating booking id
2019-11-26 19:19:42,716  INFO [main] LogReport:38 - assertion done for bookind id through url
2019-11-26 19:23:08,415  INFO [main] LogReport:38 - login funcationality starts
2019-11-26 19:23:09,921  INFO [main] LogReport:38 - login fincationality ends
2019-11-26 19:23:09,922  INFO [main] LogReport:38 - Hi Demo User Text validation starts
2019-11-26 19:23:13,052  INFO [main] LogReport:38 - Booking Tab Text Validation 
2019-11-26 19:23:13,171  INFO [main] LogReport:38 - Time and date validation starts
2019-11-26 19:23:13,250  INFO [main] LogReport:38 - Hours matched 
2019-11-26 19:23:13,251  INFO [main] LogReport:38 - Minutes matched
2019-11-26 19:23:13,321  INFO [main] LogReport:38 - validating booking id
2019-11-26 19:23:17,948  INFO [main] LogReport:38 - assertion done for bookind id through url
2019-11-26 19:25:25,362  INFO [main] LogReport:38 - login funcationality starts
2019-11-26 19:25:27,180  INFO [main] LogReport:38 - login fincationality ends
2019-11-26 19:25:27,180  INFO [main] LogReport:38 - Hi Demo User Text validation starts
2019-11-26 19:25:33,220  INFO [main] LogReport:38 - Booking Tab Text Validation 
2019-11-26 19:25:33,343  INFO [main] LogReport:38 - Time and date validation starts
2019-11-26 19:25:33,422  INFO [main] LogReport:38 - Hours matched 
2019-11-26 19:25:33,422  INFO [main] LogReport:38 - Minutes matched
2019-11-26 19:25:33,553  INFO [main] LogReport:38 - validating booking id
2019-11-26 19:25:38,155  INFO [main] LogReport:38 - assertion done for bookind id through url
2019-11-26 19:28:34,730  INFO [main] LogReport:38 - login funcationality starts
2019-11-26 19:28:36,650  INFO [main] LogReport:38 - login fincationality ends
2019-11-26 19:28:36,651  INFO [main] LogReport:38 - Hi Demo User Text validation starts
2019-11-26 19:28:42,786  INFO [main] LogReport:38 - Booking Tab Text Validation 
2019-11-26 19:28:42,901  INFO [main] LogReport:38 - Time and date validation starts
2019-11-26 19:28:43,001  INFO [main] LogReport:38 - Hours matched 
2019-11-26 19:28:43,001  INFO [main] LogReport:38 - Minutes matched
2019-11-26 19:28:43,085  INFO [main] LogReport:38 - validating booking id
2019-11-26 19:28:48,599  INFO [main] LogReport:38 - assertion done for bookind id through url
2019-11-26 19:34:37,728  INFO [main] LogReport:38 - login funcationality starts
2019-11-26 19:34:40,164  INFO [main] LogReport:38 - login fincationality ends
2019-11-26 19:34:40,164  INFO [main] LogReport:38 - Hi Demo User Text validation starts
2019-11-26 19:34:43,278  INFO [main] LogReport:38 - Booking Tab Text Validation 
2019-11-26 19:34:43,383  INFO [main] LogReport:38 - Time and date validation starts
2019-11-26 19:34:43,463  INFO [main] LogReport:38 - Hours matched 
2019-11-26 19:34:43,463  INFO [main] LogReport:38 - Minutes matched
2019-11-26 19:34:43,545  INFO [main] LogReport:38 - validating booking id
2019-11-26 19:34:48,046  INFO [main] LogReport:38 - assertion done for bookind id through url
2019-11-26 19:35:35,605  INFO [main] LogReport:38 - login funcationality starts
2019-11-26 19:35:37,381  INFO [main] LogReport:38 - login fincationality ends
2019-11-26 19:35:37,381  INFO [main] LogReport:38 - Hi Demo User Text validation starts
2019-11-26 19:35:41,518  INFO [main] LogReport:38 - Booking Tab Text Validation 
2019-11-26 19:35:41,635  INFO [main] LogReport:38 - Time and date validation starts
2019-11-26 19:35:41,703  INFO [main] LogReport:38 - Hours matched 
2019-11-26 19:35:41,703  INFO [main] LogReport:38 - Minutes matched
2019-11-26 19:35:41,785  INFO [main] LogReport:38 - validating booking id
2019-11-26 19:35:46,321  INFO [main] LogReport:38 - assertion done for bookind id through url
2019-11-26 19:37:58,062  INFO [main] LogReport:38 - login funcationality starts
2019-11-26 19:37:59,782  INFO [main] LogReport:38 - login fincationality ends
2019-11-26 19:37:59,783  INFO [main] LogReport:38 - Hi Demo User Text validation starts
2019-11-26 19:38:05,058  INFO [main] LogReport:38 - Booking Tab Text Validation 
2019-11-26 19:38:05,163  INFO [main] LogReport:38 - Time and date validation starts
2019-11-26 19:38:05,235  INFO [main] LogReport:38 - Hours matched 
2019-11-26 19:38:05,235  INFO [main] LogReport:38 - Minutes matched
2019-11-26 19:38:05,329  INFO [main] LogReport:38 - validating booking id
2019-11-26 19:38:09,834  INFO [main] LogReport:38 - assertion done for bookind id through url
2019-11-26 19:54:35,460  INFO [main] LogReport:38 - login funcationality starts
2019-11-26 19:54:39,018  INFO [main] LogReport:38 - login fincationality ends
2019-11-26 19:54:39,019  INFO [main] LogReport:38 - Hi Demo User Text validation starts
2019-11-26 19:54:42,141  INFO [main] LogReport:38 - Booking Tab Text Validation 
2019-11-26 19:54:42,248  INFO [main] LogReport:38 - Time and date validation starts
2019-11-26 19:54:42,323  INFO [main] LogReport:38 - Hours matched 
2019-11-26 19:54:42,324  INFO [main] LogReport:38 - Minutes matched
2019-11-26 19:54:42,530  INFO [main] LogReport:38 - validating booking id
2019-11-26 19:54:47,094  INFO [main] LogReport:38 - assertion done for bookind id through url
